<?xml version="1.0" encoding="UTF-8"?>
<testng-results ignored="0" total="4" passed="4" failed="0" skipped="0">
  <reporter-output>
  </reporter-output>
  <suite started-at="2023-09-21T13:37:08 IST" name="Default suite" finished-at="2023-09-21T13:37:33 IST" duration-ms="25025">
    <groups>
      <group name="cucumber">
        <method signature="AbstractTestNGCucumberTests.runScenario(io.cucumber.testng.PickleWrapper,io.cucumber.testng.FeatureWrapper)[pri:0, instance:com.steps.TestRunner@2b30a42c]" name="runScenario" class="io.cucumber.testng.AbstractTestNGCucumberTests"/>
      </group> <!-- cucumber -->
    </groups>
    <test started-at="2023-09-21T13:37:08 IST" name="Default test" finished-at="2023-09-21T13:37:33 IST" duration-ms="25025">
      <class name="com.steps.TestRunner">
        <test-method is-config="true" signature="setUpClass(org.testng.ITestContext)[pri:0, instance:com.steps.TestRunner@2b30a42c]" started-at="2023-09-21T13:37:08 IST" name="setUpClass" finished-at="2023-09-21T13:37:09 IST" duration-ms="1002" status="PASS">
          <params>
            <param index="0">
              <value>
                <![CDATA[org.testng.TestRunner@37ca3ca8]]>
              </value>
            </param>
          </params>
          <reporter-output>
          </reporter-output>
        </test-method> <!-- setUpClass -->
        <test-method signature="runScenario(io.cucumber.testng.PickleWrapper,io.cucumber.testng.FeatureWrapper)[pri:0, instance:com.steps.TestRunner@2b30a42c]" started-at="2023-09-21T13:37:09 IST" name="runScenario" description="Runs Cucumber Scenarios" data-provider="scenarios" finished-at="2023-09-21T13:37:15 IST" duration-ms="5766" status="PASS">
          <params>
            <param index="0">
              <value>
                <![CDATA["To Launch the DemoBlaze URL On Chrome Browser"]]>
              </value>
            </param>
            <param index="1">
              <value>
                <![CDATA["To verify Demo_blaze Ecommerce Website on Google browser and Do the basic operations sign up and sign in."]]>
              </value>
            </param>
          </params>
          <reporter-output>
          </reporter-output>
        </test-method> <!-- runScenario -->
        <test-method signature="runScenario(io.cucumber.testng.PickleWrapper,io.cucumber.testng.FeatureWrapper)[pri:0, instance:com.steps.TestRunner@2b30a42c]" started-at="2023-09-21T13:37:15 IST" name="runScenario" description="Runs Cucumber Scenarios" data-provider="scenarios" finished-at="2023-09-21T13:37:19 IST" duration-ms="3683" status="PASS">
          <params>
            <param index="0">
              <value>
                <![CDATA["To Launch the DemoBlaze/ Product Store Site and Validate the Homepage."]]>
              </value>
            </param>
            <param index="1">
              <value>
                <![CDATA["To verify Demo_blaze Ecommerce Website on Google browser and Do the basic operations sign up and sign in."]]>
              </value>
            </param>
          </params>
          <reporter-output>
          </reporter-output>
        </test-method> <!-- runScenario -->
        <test-method signature="runScenario(io.cucumber.testng.PickleWrapper,io.cucumber.testng.FeatureWrapper)[pri:0, instance:com.steps.TestRunner@2b30a42c]" started-at="2023-09-21T13:37:19 IST" name="runScenario" description="Runs Cucumber Scenarios" data-provider="scenarios" finished-at="2023-09-21T13:37:25 IST" duration-ms="5900" status="PASS">
          <params>
            <param index="0">
              <value>
                <![CDATA[": To Verify the DemoBlaze Website and Validate the Sign up funtionality."]]>
              </value>
            </param>
            <param index="1">
              <value>
                <![CDATA["To verify Demo_blaze Ecommerce Website on Google browser and Do the basic operations sign up and sign in."]]>
              </value>
            </param>
          </params>
          <reporter-output>
          </reporter-output>
        </test-method> <!-- runScenario -->
        <test-method signature="runScenario(io.cucumber.testng.PickleWrapper,io.cucumber.testng.FeatureWrapper)[pri:0, instance:com.steps.TestRunner@2b30a42c]" started-at="2023-09-21T13:37:25 IST" name="runScenario" description="Runs Cucumber Scenarios" data-provider="scenarios" finished-at="2023-09-21T13:37:33 IST" duration-ms="8560" status="PASS">
          <params>
            <param index="0">
              <value>
                <![CDATA["To Verify the DemoBlaze Website with Login funtionality and Validate the User  Greeting message."]]>
              </value>
            </param>
            <param index="1">
              <value>
                <![CDATA["To verify Demo_blaze Ecommerce Website on Google browser and Do the basic operations sign up and sign in."]]>
              </value>
            </param>
          </params>
          <reporter-output>
          </reporter-output>
        </test-method> <!-- runScenario -->
        <test-method is-config="true" signature="tearDownClass()[pri:0, instance:com.steps.TestRunner@2b30a42c]" started-at="2023-09-21T13:37:33 IST" name="tearDownClass" finished-at="2023-09-21T13:37:33 IST" duration-ms="66" status="PASS">
          <reporter-output>
          </reporter-output>
        </test-method> <!-- tearDownClass -->
      </class> <!-- com.steps.TestRunner -->
    </test> <!-- Default test -->
  </suite> <!-- Default suite -->
</testng-results>
